2022-09-11 18:01:54.844 [main] INFO  o.s.c.b.c.PropertySourceBootstrapConfiguration - Located property source: CompositePropertySource {name='NACOS', propertySources=[NacosPropertySource {name='service-gateway-dev.properties'}, NacosPropertySource {name='service-gateway.properties'}]}
2022-09-11 18:01:54.851 [main] INFO  com.fosss.eduorder.OrderApplication - The following profiles are active: dev
2022-09-11 18:02:02.751 [main] INFO  o.s.c.s.PostProcessorRegistrationDelegate$BeanPostProcessorChecker - Bean 'org.springframework.cloud.autoconfigure.ConfigurationPropertiesRebinderAutoConfiguration' of type [org.springframework.cloud.autoconfigure.ConfigurationPropertiesRebinderAutoConfiguration] is not eligible for getting processed by all BeanPostProcessors (for example: not eligible for auto-proxying)
2022-09-11 18:02:03.301 [main] INFO  o.s.c.b.c.PropertySourceBootstrapConfiguration - Located property source: CompositePropertySource {name='NACOS', propertySources=[NacosPropertySource {name='canal-client-dev.properties'}, NacosPropertySource {name='canal-client.properties'}]}
2022-09-11 18:02:03.305 [main] INFO  com.fosss.eduservice.EduApplication - The following profiles are active: dev
2022-09-11 18:02:05.353 [main] INFO  com.fosss.canal.CanalApplication - Starting CanalApplication on foSaveWorld with PID 14968 (F:\Java\Maven\apache-maven-3.6.3\mvn_resp\org\springframework\boot\spring-boot-starter-parent\2.2.1.RELEASE\target\classes started by lenovo in E:\PROJECT\guli_parent)
2022-09-11 18:02:05.357 [main] INFO  com.fosss.canal.CanalApplication - The following profiles are active: dev
2022-09-11 18:02:05.981 [main] INFO  o.s.boot.web.embedded.tomcat.TomcatWebServer - Tomcat initialized with port(s): 10000 (http)
2022-09-11 18:02:05.986 [main] INFO  org.apache.coyote.http11.Http11NioProtocol - Initializing ProtocolHandler ["http-nio-10000"]
2022-09-11 18:02:05.986 [main] INFO  org.apache.catalina.core.StandardService - Starting service [Tomcat]
2022-09-11 18:02:05.986 [main] INFO  org.apache.catalina.core.StandardEngine - Starting Servlet engine: [Apache Tomcat/9.0.27]
2022-09-11 18:02:06.041 [main] INFO  o.a.c.core.ContainerBase.[Tomcat].[localhost].[/] - Initializing Spring embedded WebApplicationContext
2022-09-11 18:02:06.041 [main] INFO  org.springframework.web.context.ContextLoader - Root WebApplicationContext: initialization completed in 650 ms
2022-09-11 18:02:06.178 [main] INFO  o.s.scheduling.concurrent.ThreadPoolTaskExecutor - Initializing ExecutorService 'applicationTaskExecutor'
2022-09-11 18:02:06.290 [main] INFO  org.apache.coyote.http11.Http11NioProtocol - Starting ProtocolHandler ["http-nio-10000"]
2022-09-11 18:02:06.298 [main] INFO  org.apache.coyote.http11.Http11NioProtocol - Pausing ProtocolHandler ["http-nio-10000"]
2022-09-11 18:02:06.298 [main] INFO  org.apache.catalina.core.StandardService - Stopping service [Tomcat]
2022-09-11 18:02:06.300 [main] INFO  org.apache.coyote.http11.Http11NioProtocol - Stopping ProtocolHandler ["http-nio-10000"]
2022-09-11 18:02:06.301 [main] INFO  org.apache.coyote.http11.Http11NioProtocol - Destroying ProtocolHandler ["http-nio-10000"]
2022-09-11 18:02:06.302 [main] INFO  o.s.b.a.l.ConditionEvaluationReportLoggingListener - 

Error starting ApplicationContext. To display the conditions report re-run your application with 'debug' enabled.
2022-09-11 18:02:06.306 [main] INFO  o.s.scheduling.concurrent.ThreadPoolTaskExecutor - Shutting down ExecutorService 'applicationTaskExecutor'
2022-09-11 18:03:22.267 [main] INFO  o.s.c.s.PostProcessorRegistrationDelegate$BeanPostProcessorChecker - Bean 'org.springframework.cloud.autoconfigure.ConfigurationPropertiesRebinderAutoConfiguration' of type [org.springframework.cloud.autoconfigure.ConfigurationPropertiesRebinderAutoConfiguration] is not eligible for getting processed by all BeanPostProcessors (for example: not eligible for auto-proxying)
2022-09-11 18:03:22.699 [main] INFO  o.s.c.b.c.PropertySourceBootstrapConfiguration - Located property source: CompositePropertySource {name='NACOS', propertySources=[NacosPropertySource {name='canal-client-dev.properties'}, NacosPropertySource {name='canal-client.properties'}]}
2022-09-11 18:03:22.702 [main] INFO  com.fosss.edustatistics.StaApplication - The following profiles are active: dev
2022-09-11 18:04:15.589 [main] INFO  o.s.c.s.PostProcessorRegistrationDelegate$BeanPostProcessorChecker - Bean 'org.springframework.cloud.autoconfigure.ConfigurationPropertiesRebinderAutoConfiguration' of type [org.springframework.cloud.autoconfigure.ConfigurationPropertiesRebinderAutoConfiguration] is not eligible for getting processed by all BeanPostProcessors (for example: not eligible for auto-proxying)
2022-09-11 18:04:16.103 [main] INFO  o.s.c.b.c.PropertySourceBootstrapConfiguration - Located property source: CompositePropertySource {name='NACOS', propertySources=[NacosPropertySource {name='service-gateway-dev.properties'}, NacosPropertySource {name='service-gateway.properties'}]}
2022-09-11 18:04:16.106 [main] INFO  com.fosss.edustatistics.StaApplication - The following profiles are active: dev
2022-09-11 18:05:33.014 [main] INFO  o.s.c.s.PostProcessorRegistrationDelegate$BeanPostProcessorChecker - Bean 'org.springframework.cloud.autoconfigure.ConfigurationPropertiesRebinderAutoConfiguration' of type [org.springframework.cloud.autoconfigure.ConfigurationPropertiesRebinderAutoConfiguration] is not eligible for getting processed by all BeanPostProcessors (for example: not eligible for auto-proxying)
2022-09-11 18:05:33.444 [main] INFO  o.s.c.b.c.PropertySourceBootstrapConfiguration - Located property source: CompositePropertySource {name='NACOS', propertySources=[NacosPropertySource {name='service-gateway-dev.properties'}, NacosPropertySource {name='service-gateway.properties'}]}
2022-09-11 18:05:33.447 [main] INFO  com.fosss.aclservice.ServiceAclApplication - The following profiles are active: dev
2022-09-11 18:05:52.551 [main] INFO  o.s.c.s.PostProcessorRegistrationDelegate$BeanPostProcessorChecker - Bean 'org.springframework.cloud.autoconfigure.ConfigurationPropertiesRebinderAutoConfiguration' of type [org.springframework.cloud.autoconfigure.ConfigurationPropertiesRebinderAutoConfiguration] is not eligible for getting processed by all BeanPostProcessors (for example: not eligible for auto-proxying)
2022-09-11 18:05:52.927 [main] INFO  com.fosss.gateway.GatewayApplication - The following profiles are active: dev
2022-09-11 18:05:53.207 [main] INFO  o.s.d.r.config.RepositoryConfigurationDelegate - Multiple Spring Data modules found, entering strict repository configuration mode!
2022-09-11 18:05:53.208 [main] INFO  o.s.d.r.config.RepositoryConfigurationDelegate - Bootstrapping Spring Data repositories in DEFAULT mode.
2022-09-11 18:05:53.224 [main] INFO  o.s.d.r.config.RepositoryConfigurationDelegate - Finished Spring Data repository scanning in 7ms. Found 0 repository interfaces.
2022-09-11 18:05:53.332 [main] INFO  o.springframework.cloud.context.scope.GenericScope - BeanFactory id=235d5604-2562-3732-8741-65b7936814a2
2022-09-11 18:05:53.380 [main] INFO  o.s.c.s.PostProcessorRegistrationDelegate$BeanPostProcessorChecker - Bean 'org.springframework.cloud.autoconfigure.ConfigurationPropertiesRebinderAutoConfiguration' of type [org.springframework.cloud.autoconfigure.ConfigurationPropertiesRebinderAutoConfiguration] is not eligible for getting processed by all BeanPostProcessors (for example: not eligible for auto-proxying)
2022-09-11 18:05:53.381 [main] INFO  o.s.c.s.PostProcessorRegistrationDelegate$BeanPostProcessorChecker - Bean 'org.springframework.cloud.client.loadbalancer.reactive.LoadBalancerBeanPostProcessorAutoConfiguration' of type [org.springframework.cloud.client.loadbalancer.reactive.LoadBalancerBeanPostProcessorAutoConfiguration] is not eligible for getting processed by all BeanPostProcessors (for example: not eligible for auto-proxying)
2022-09-11 18:05:53.382 [main] INFO  o.s.c.s.PostProcessorRegistrationDelegate$BeanPostProcessorChecker - Bean 'org.springframework.cloud.client.loadbalancer.reactive.LoadBalancerBeanPostProcessorAutoConfiguration$ReactiveLoadBalancerConfig' of type [org.springframework.cloud.client.loadbalancer.reactive.LoadBalancerBeanPostProcessorAutoConfiguration$ReactiveLoadBalancerConfig] is not eligible for getting processed by all BeanPostProcessors (for example: not eligible for auto-proxying)
2022-09-11 18:05:53.384 [main] INFO  o.s.c.s.PostProcessorRegistrationDelegate$BeanPostProcessorChecker - Bean 'deferringLoadBalancerExchangeFilterFunction' of type [org.springframework.cloud.client.loadbalancer.reactive.DeferringLoadBalancerExchangeFilterFunction] is not eligible for getting processed by all BeanPostProcessors (for example: not eligible for auto-proxying)
2022-09-11 18:05:53.518 [main] INFO  com.netflix.config.sources.URLConfigurationSource - To enable URLs as dynamic configuration sources, define System property archaius.configurationSource.additionalUrls or make config.properties available on classpath.
2022-09-11 18:05:53.521 [main] INFO  com.netflix.config.sources.URLConfigurationSource - To enable URLs as dynamic configuration sources, define System property archaius.configurationSource.additionalUrls or make config.properties available on classpath.
2022-09-11 18:05:54.990 [main] INFO  o.s.c.gateway.route.RouteDefinitionRouteLocator - Loaded RoutePredicateFactory [After]
2022-09-11 18:05:54.990 [main] INFO  o.s.c.gateway.route.RouteDefinitionRouteLocator - Loaded RoutePredicateFactory [Before]
2022-09-11 18:05:54.990 [main] INFO  o.s.c.gateway.route.RouteDefinitionRouteLocator - Loaded RoutePredicateFactory [Between]
2022-09-11 18:05:54.991 [main] INFO  o.s.c.gateway.route.RouteDefinitionRouteLocator - Loaded RoutePredicateFactory [Cookie]
2022-09-11 18:05:54.991 [main] INFO  o.s.c.gateway.route.RouteDefinitionRouteLocator - Loaded RoutePredicateFactory [Header]
2022-09-11 18:05:54.991 [main] INFO  o.s.c.gateway.route.RouteDefinitionRouteLocator - Loaded RoutePredicateFactory [Host]
2022-09-11 18:05:54.991 [main] INFO  o.s.c.gateway.route.RouteDefinitionRouteLocator - Loaded RoutePredicateFactory [Method]
2022-09-11 18:05:54.991 [main] INFO  o.s.c.gateway.route.RouteDefinitionRouteLocator - Loaded RoutePredicateFactory [Path]
2022-09-11 18:05:54.991 [main] INFO  o.s.c.gateway.route.RouteDefinitionRouteLocator - Loaded RoutePredicateFactory [Query]
2022-09-11 18:05:54.991 [main] INFO  o.s.c.gateway.route.RouteDefinitionRouteLocator - Loaded RoutePredicateFactory [ReadBodyPredicateFactory]
2022-09-11 18:05:54.991 [main] INFO  o.s.c.gateway.route.RouteDefinitionRouteLocator - Loaded RoutePredicateFactory [RemoteAddr]
2022-09-11 18:05:54.991 [main] INFO  o.s.c.gateway.route.RouteDefinitionRouteLocator - Loaded RoutePredicateFactory [Weight]
2022-09-11 18:05:54.992 [main] INFO  o.s.c.gateway.route.RouteDefinitionRouteLocator - Loaded RoutePredicateFactory [CloudFoundryRouteService]
2022-09-11 18:05:55.143 [main] INFO  o.s.scheduling.concurrent.ThreadPoolTaskScheduler - Initializing ExecutorService
2022-09-11 18:05:56.084 [main] INFO  o.s.boot.web.embedded.netty.NettyWebServer - Netty started on port(s): 8222
2022-09-11 18:05:56.663 [main] INFO  o.s.c.alibaba.nacos.registry.NacosServiceRegistry - nacos registry, service-gateway 10.7.128.159:8222 register finished
2022-09-11 18:05:56.668 [main] INFO  com.fosss.gateway.GatewayApplication - Started GatewayApplication in 4.89 seconds (JVM running for 5.687)
2022-09-11 18:06:02.379 [main] INFO  o.s.c.s.PostProcessorRegistrationDelegate$BeanPostProcessorChecker - Bean 'org.springframework.cloud.autoconfigure.ConfigurationPropertiesRebinderAutoConfiguration' of type [org.springframework.cloud.autoconfigure.ConfigurationPropertiesRebinderAutoConfiguration] is not eligible for getting processed by all BeanPostProcessors (for example: not eligible for auto-proxying)
2022-09-11 18:06:02.794 [main] INFO  o.s.c.b.c.PropertySourceBootstrapConfiguration - Located property source: CompositePropertySource {name='NACOS', propertySources=[NacosPropertySource {name='service-gateway-dev.properties'}, NacosPropertySource {name='service-gateway.properties'}]}
2022-09-11 18:06:02.797 [main] INFO  com.fosss.edumsm.MsmApplication - The following profiles are active: dev
2022-09-11 18:06:13.133 [SpringContextShutdownHook] INFO  o.s.c.alibaba.nacos.registry.NacosServiceRegistry - De-registering from Nacos Server now...
2022-09-11 18:06:13.136 [SpringContextShutdownHook] INFO  o.s.c.alibaba.nacos.registry.NacosServiceRegistry - De-registration finished.
2022-09-11 18:07:00.225 [main] INFO  o.s.c.s.PostProcessorRegistrationDelegate$BeanPostProcessorChecker - Bean 'org.springframework.cloud.autoconfigure.ConfigurationPropertiesRebinderAutoConfiguration' of type [org.springframework.cloud.autoconfigure.ConfigurationPropertiesRebinderAutoConfiguration] is not eligible for getting processed by all BeanPostProcessors (for example: not eligible for auto-proxying)
2022-09-11 18:07:00.656 [main] INFO  o.s.c.b.c.PropertySourceBootstrapConfiguration - Located property source: CompositePropertySource {name='NACOS', propertySources=[NacosPropertySource {name='service-gateway-dev.properties'}, NacosPropertySource {name='service-gateway.properties'}]}
2022-09-11 18:07:00.660 [main] INFO  com.fosss.aclservice.ServiceAclApplication - The following profiles are active: dev
2022-09-11 18:08:06.225 [main] INFO  o.s.c.s.PostProcessorRegistrationDelegate$BeanPostProcessorChecker - Bean 'org.springframework.cloud.autoconfigure.ConfigurationPropertiesRebinderAutoConfiguration' of type [org.springframework.cloud.autoconfigure.ConfigurationPropertiesRebinderAutoConfiguration] is not eligible for getting processed by all BeanPostProcessors (for example: not eligible for auto-proxying)
2022-09-11 18:08:06.688 [main] INFO  o.s.c.b.c.PropertySourceBootstrapConfiguration - Located property source: CompositePropertySource {name='NACOS', propertySources=[NacosPropertySource {name='service-gateway-dev.properties'}, NacosPropertySource {name='service-gateway.properties'}]}
2022-09-11 18:08:06.691 [main] INFO  com.fosss.aclservice.ServiceAclApplication - The following profiles are active: dev
2022-09-11 18:12:59.568 [main] INFO  o.s.c.s.PostProcessorRegistrationDelegate$BeanPostProcessorChecker - Bean 'org.springframework.cloud.autoconfigure.ConfigurationPropertiesRebinderAutoConfiguration' of type [org.springframework.cloud.autoconfigure.ConfigurationPropertiesRebinderAutoConfiguration] is not eligible for getting processed by all BeanPostProcessors (for example: not eligible for auto-proxying)
2022-09-11 18:13:00.108 [main] INFO  o.s.c.b.c.PropertySourceBootstrapConfiguration - Located property source: CompositePropertySource {name='NACOS', propertySources=[NacosPropertySource {name='service-gateway-dev.properties'}, NacosPropertySource {name='service-gateway.properties'}]}
2022-09-11 18:13:00.111 [main] INFO  com.fosss.aclservice.ServiceAclApplication - The following profiles are active: dev
2022-09-11 18:16:19.704 [main] INFO  o.s.c.s.PostProcessorRegistrationDelegate$BeanPostProcessorChecker - Bean 'org.springframework.cloud.autoconfigure.ConfigurationPropertiesRebinderAutoConfiguration' of type [org.springframework.cloud.autoconfigure.ConfigurationPropertiesRebinderAutoConfiguration] is not eligible for getting processed by all BeanPostProcessors (for example: not eligible for auto-proxying)
2022-09-11 18:16:20.116 [main] INFO  o.s.c.b.c.PropertySourceBootstrapConfiguration - Located property source: CompositePropertySource {name='NACOS', propertySources=[NacosPropertySource {name='service-gateway-dev.properties'}, NacosPropertySource {name='service-gateway.properties'}]}
2022-09-11 18:16:20.119 [main] INFO  com.fosss.aclservice.ServiceAclApplication - The following profiles are active: dev
2022-09-11 18:34:59.198 [main] INFO  com.fosss.eduservice.EduApplication - The following profiles are active: dev
2022-09-11 18:34:59.882 [main] INFO  o.s.d.r.config.RepositoryConfigurationDelegate - Multiple Spring Data modules found, entering strict repository configuration mode!
2022-09-11 18:34:59.884 [main] INFO  o.s.d.r.config.RepositoryConfigurationDelegate - Bootstrapping Spring Data repositories in DEFAULT mode.
2022-09-11 18:34:59.907 [main] INFO  o.s.d.r.config.RepositoryConfigurationDelegate - Finished Spring Data repository scanning in 12ms. Found 0 repository interfaces.
2022-09-11 18:35:00.063 [main] INFO  o.springframework.cloud.context.scope.GenericScope - BeanFactory id=2e06855b-4003-3be9-b82b-6433d710df4f
2022-09-11 18:35:00.164 [main] INFO  o.s.c.s.PostProcessorRegistrationDelegate$BeanPostProcessorChecker - Bean 'org.springframework.transaction.annotation.ProxyTransactionManagementConfiguration' of type [org.springframework.transaction.annotation.ProxyTransactionManagementConfiguration] is not eligible for getting processed by all BeanPostProcessors (for example: not eligible for auto-proxying)
2022-09-11 18:35:00.191 [main] INFO  o.s.c.s.PostProcessorRegistrationDelegate$BeanPostProcessorChecker - Bean 'redisConfig' of type [com.fosss.servicebase.config.RedisConfig$$EnhancerBySpringCGLIB$$38ca1f75] is not eligible for getting processed by all BeanPostProcessors (for example: not eligible for auto-proxying)
2022-09-11 18:35:00.211 [main] INFO  o.s.c.s.PostProcessorRegistrationDelegate$BeanPostProcessorChecker - Bean 'org.springframework.cloud.autoconfigure.ConfigurationPropertiesRebinderAutoConfiguration' of type [org.springframework.cloud.autoconfigure.ConfigurationPropertiesRebinderAutoConfiguration] is not eligible for getting processed by all BeanPostProcessors (for example: not eligible for auto-proxying)
2022-09-11 18:35:00.413 [main] INFO  o.s.boot.web.embedded.tomcat.TomcatWebServer - Tomcat initialized with port(s): 8001 (http)
2022-09-11 18:35:00.421 [main] INFO  org.apache.coyote.http11.Http11NioProtocol - Initializing ProtocolHandler ["http-nio-8001"]
2022-09-11 18:35:00.421 [main] INFO  org.apache.catalina.core.StandardService - Starting service [Tomcat]
2022-09-11 18:35:00.421 [main] INFO  org.apache.catalina.core.StandardEngine - Starting Servlet engine: [Apache Tomcat/9.0.27]
2022-09-11 18:35:00.639 [main] INFO  o.a.c.core.ContainerBase.[Tomcat].[localhost].[/] - Initializing Spring embedded WebApplicationContext
2022-09-11 18:35:00.639 [main] INFO  org.springframework.web.context.ContextLoader - Root WebApplicationContext: initialization completed in 1427 ms
2022-09-11 18:35:00.869 [main] INFO  com.zaxxer.hikari.HikariDataSource - HikariPool-1 - Starting...
2022-09-11 18:35:01.376 [main] INFO  com.zaxxer.hikari.HikariDataSource - HikariPool-1 - Start completed.
2022-09-11 18:35:02.318 [main] INFO  s.d.s.w.PropertySourcedRequestMappingHandlerMapping - Mapped URL path [/v2/api-docs] onto method [springfox.documentation.swagger2.web.Swagger2Controller#getDocumentation(String, HttpServletRequest)]
2022-09-11 18:35:02.333 [main] INFO  com.netflix.config.sources.URLConfigurationSource - To enable URLs as dynamic configuration sources, define System property archaius.configurationSource.additionalUrls or make config.properties available on classpath.
2022-09-11 18:35:02.337 [main] INFO  com.netflix.config.sources.URLConfigurationSource - To enable URLs as dynamic configuration sources, define System property archaius.configurationSource.additionalUrls or make config.properties available on classpath.
2022-09-11 18:35:02.420 [main] INFO  o.s.scheduling.concurrent.ThreadPoolTaskExecutor - Initializing ExecutorService 'applicationTaskExecutor'
2022-09-11 18:35:02.962 [main] INFO  o.s.scheduling.concurrent.ThreadPoolTaskScheduler - Initializing ExecutorService
2022-09-11 18:35:03.810 [main] INFO  s.d.s.web.plugins.DocumentationPluginsBootstrapper - Context refreshed
2022-09-11 18:35:03.828 [main] INFO  s.d.s.web.plugins.DocumentationPluginsBootstrapper - Found 1 custom documentation plugin(s)
2022-09-11 18:35:03.890 [main] INFO  s.d.spring.web.scanners.ApiListingReferenceScanner - Scanning for api listing references
2022-09-11 18:35:04.056 [main] INFO  s.d.s.w.r.operation.CachingOperationNameGenerator - Generating unique operation named: getPageUsingPOST_1
2022-09-11 18:35:04.138 [main] INFO  org.apache.coyote.http11.Http11NioProtocol - Starting ProtocolHandler ["http-nio-8001"]
2022-09-11 18:35:04.159 [main] INFO  o.s.boot.web.embedded.tomcat.TomcatWebServer - Tomcat started on port(s): 8001 (http) with context path ''
2022-09-11 18:35:04.169 [main] INFO  o.s.c.alibaba.nacos.registry.NacosServiceRegistry - nacos registry, service-edu 10.7.128.159:8001 register finished
2022-09-11 18:35:04.526 [main] INFO  com.fosss.eduservice.EduApplication - Started EduApplication in 6.73 seconds (JVM running for 7.636)
2022-09-11 18:42:47.610 [SpringContextShutdownHook] INFO  o.s.c.alibaba.nacos.registry.NacosServiceRegistry - De-registering from Nacos Server now...
2022-09-11 18:42:47.622 [SpringContextShutdownHook] INFO  o.s.c.alibaba.nacos.registry.NacosServiceRegistry - De-registration finished.
2022-09-11 18:42:47.623 [SpringContextShutdownHook] INFO  o.s.scheduling.concurrent.ThreadPoolTaskExecutor - Shutting down ExecutorService 'applicationTaskExecutor'
2022-09-11 18:42:47.643 [SpringContextShutdownHook] INFO  com.zaxxer.hikari.HikariDataSource - HikariPool-1 - Shutdown initiated...
2022-09-11 18:42:47.646 [SpringContextShutdownHook] INFO  com.zaxxer.hikari.HikariDataSource - HikariPool-1 - Shutdown completed.
2022-09-11 18:43:34.066 [main] INFO  com.fosss.eduservice.EduApplication - The following profiles are active: dev
2022-09-11 18:43:34.773 [main] INFO  o.s.d.r.config.RepositoryConfigurationDelegate - Multiple Spring Data modules found, entering strict repository configuration mode!
2022-09-11 18:43:34.775 [main] INFO  o.s.d.r.config.RepositoryConfigurationDelegate - Bootstrapping Spring Data repositories in DEFAULT mode.
2022-09-11 18:43:34.806 [main] INFO  o.s.d.r.config.RepositoryConfigurationDelegate - Finished Spring Data repository scanning in 19ms. Found 0 repository interfaces.
2022-09-11 18:43:35.006 [main] INFO  o.springframework.cloud.context.scope.GenericScope - BeanFactory id=48149d50-c1f4-3252-9e85-cd3ade17eca9
2022-09-11 18:43:35.085 [main] INFO  o.s.c.s.PostProcessorRegistrationDelegate$BeanPostProcessorChecker - Bean 'org.springframework.transaction.annotation.ProxyTransactionManagementConfiguration' of type [org.springframework.transaction.annotation.ProxyTransactionManagementConfiguration] is not eligible for getting processed by all BeanPostProcessors (for example: not eligible for auto-proxying)
2022-09-11 18:43:35.117 [main] INFO  o.s.c.s.PostProcessorRegistrationDelegate$BeanPostProcessorChecker - Bean 'redisConfig' of type [com.fosss.servicebase.config.RedisConfig$$EnhancerBySpringCGLIB$$76bba2cc] is not eligible for getting processed by all BeanPostProcessors (for example: not eligible for auto-proxying)
2022-09-11 18:43:35.142 [main] INFO  o.s.c.s.PostProcessorRegistrationDelegate$BeanPostProcessorChecker - Bean 'org.springframework.cloud.autoconfigure.ConfigurationPropertiesRebinderAutoConfiguration' of type [org.springframework.cloud.autoconfigure.ConfigurationPropertiesRebinderAutoConfiguration] is not eligible for getting processed by all BeanPostProcessors (for example: not eligible for auto-proxying)
2022-09-11 18:43:35.360 [main] INFO  o.s.boot.web.embedded.tomcat.TomcatWebServer - Tomcat initialized with port(s): 8001 (http)
2022-09-11 18:43:35.369 [main] INFO  org.apache.coyote.http11.Http11NioProtocol - Initializing ProtocolHandler ["http-nio-8001"]
2022-09-11 18:43:35.370 [main] INFO  org.apache.catalina.core.StandardService - Starting service [Tomcat]
2022-09-11 18:43:35.370 [main] INFO  org.apache.catalina.core.StandardEngine - Starting Servlet engine: [Apache Tomcat/9.0.27]
2022-09-11 18:43:35.569 [main] INFO  o.a.c.core.ContainerBase.[Tomcat].[localhost].[/] - Initializing Spring embedded WebApplicationContext
2022-09-11 18:43:35.569 [main] INFO  org.springframework.web.context.ContextLoader - Root WebApplicationContext: initialization completed in 1487 ms
2022-09-11 18:43:35.806 [main] INFO  com.zaxxer.hikari.HikariDataSource - HikariPool-1 - Starting...
2022-09-11 18:43:36.315 [main] INFO  com.zaxxer.hikari.HikariDataSource - HikariPool-1 - Start completed.
2022-09-11 18:43:37.276 [main] INFO  s.d.s.w.PropertySourcedRequestMappingHandlerMapping - Mapped URL path [/v2/api-docs] onto method [springfox.documentation.swagger2.web.Swagger2Controller#getDocumentation(String, HttpServletRequest)]
2022-09-11 18:43:37.296 [main] INFO  com.netflix.config.sources.URLConfigurationSource - To enable URLs as dynamic configuration sources, define System property archaius.configurationSource.additionalUrls or make config.properties available on classpath.
2022-09-11 18:43:37.301 [main] INFO  com.netflix.config.sources.URLConfigurationSource - To enable URLs as dynamic configuration sources, define System property archaius.configurationSource.additionalUrls or make config.properties available on classpath.
2022-09-11 18:43:37.406 [main] INFO  o.s.scheduling.concurrent.ThreadPoolTaskExecutor - Initializing ExecutorService 'applicationTaskExecutor'
2022-09-11 18:43:38.230 [main] INFO  o.s.scheduling.concurrent.ThreadPoolTaskScheduler - Initializing ExecutorService
2022-09-11 18:43:39.568 [main] INFO  s.d.s.web.plugins.DocumentationPluginsBootstrapper - Context refreshed
2022-09-11 18:43:39.584 [main] INFO  s.d.s.web.plugins.DocumentationPluginsBootstrapper - Found 1 custom documentation plugin(s)
2022-09-11 18:43:39.640 [main] INFO  s.d.spring.web.scanners.ApiListingReferenceScanner - Scanning for api listing references
2022-09-11 18:43:39.777 [main] INFO  s.d.s.w.r.operation.CachingOperationNameGenerator - Generating unique operation named: getPageUsingPOST_1
2022-09-11 18:43:39.854 [main] INFO  org.apache.coyote.http11.Http11NioProtocol - Starting ProtocolHandler ["http-nio-8001"]
2022-09-11 18:43:39.879 [main] INFO  o.s.boot.web.embedded.tomcat.TomcatWebServer - Tomcat started on port(s): 8001 (http) with context path ''
2022-09-11 18:43:39.890 [main] INFO  o.s.c.alibaba.nacos.registry.NacosServiceRegistry - nacos registry, service-edu 10.7.128.159:8001 register finished
2022-09-11 18:43:40.311 [main] INFO  com.fosss.eduservice.EduApplication - Started EduApplication in 7.683 seconds (JVM running for 8.498)
2022-09-11 18:43:47.307 [SpringContextShutdownHook] INFO  o.s.c.alibaba.nacos.registry.NacosServiceRegistry - De-registering from Nacos Server now...
2022-09-11 18:43:47.310 [SpringContextShutdownHook] INFO  o.s.c.alibaba.nacos.registry.NacosServiceRegistry - De-registration finished.
2022-09-11 18:43:47.311 [SpringContextShutdownHook] INFO  o.s.scheduling.concurrent.ThreadPoolTaskExecutor - Shutting down ExecutorService 'applicationTaskExecutor'
2022-09-11 18:43:47.328 [SpringContextShutdownHook] INFO  com.zaxxer.hikari.HikariDataSource - HikariPool-1 - Shutdown initiated...
2022-09-11 18:43:47.333 [SpringContextShutdownHook] INFO  com.zaxxer.hikari.HikariDataSource - HikariPool-1 - Shutdown completed.
2022-09-11 18:44:29.638 [main] INFO  com.fosss.eduservice.EduApplication - The following profiles are active: dev
2022-09-11 18:44:30.578 [main] INFO  o.s.d.r.config.RepositoryConfigurationDelegate - Multiple Spring Data modules found, entering strict repository configuration mode!
2022-09-11 18:44:30.581 [main] INFO  o.s.d.r.config.RepositoryConfigurationDelegate - Bootstrapping Spring Data repositories in DEFAULT mode.
2022-09-11 18:44:30.617 [main] INFO  o.s.d.r.config.RepositoryConfigurationDelegate - Finished Spring Data repository scanning in 24ms. Found 0 repository interfaces.
2022-09-11 18:44:30.961 [main] INFO  o.springframework.cloud.context.scope.GenericScope - BeanFactory id=48149d50-c1f4-3252-9e85-cd3ade17eca9
2022-09-11 18:44:31.099 [main] INFO  o.s.c.s.PostProcessorRegistrationDelegate$BeanPostProcessorChecker - Bean 'org.springframework.transaction.annotation.ProxyTransactionManagementConfiguration' of type [org.springframework.transaction.annotation.ProxyTransactionManagementConfiguration] is not eligible for getting processed by all BeanPostProcessors (for example: not eligible for auto-proxying)
2022-09-11 18:44:31.140 [main] INFO  o.s.c.s.PostProcessorRegistrationDelegate$BeanPostProcessorChecker - Bean 'redisConfig' of type [com.fosss.servicebase.config.RedisConfig$$EnhancerBySpringCGLIB$$73f734db] is not eligible for getting processed by all BeanPostProcessors (for example: not eligible for auto-proxying)
2022-09-11 18:44:31.175 [main] INFO  o.s.c.s.PostProcessorRegistrationDelegate$BeanPostProcessorChecker - Bean 'org.springframework.cloud.autoconfigure.ConfigurationPropertiesRebinderAutoConfiguration' of type [org.springframework.cloud.autoconfigure.ConfigurationPropertiesRebinderAutoConfiguration] is not eligible for getting processed by all BeanPostProcessors (for example: not eligible for auto-proxying)
2022-09-11 18:44:31.421 [main] INFO  o.s.boot.web.embedded.tomcat.TomcatWebServer - Tomcat initialized with port(s): 8001 (http)
2022-09-11 18:44:31.429 [main] INFO  org.apache.coyote.http11.Http11NioProtocol - Initializing ProtocolHandler ["http-nio-8001"]
2022-09-11 18:44:31.430 [main] INFO  org.apache.catalina.core.StandardService - Starting service [Tomcat]
2022-09-11 18:44:31.430 [main] INFO  org.apache.catalina.core.StandardEngine - Starting Servlet engine: [Apache Tomcat/9.0.27]
2022-09-11 18:44:31.624 [main] INFO  o.a.c.core.ContainerBase.[Tomcat].[localhost].[/] - Initializing Spring embedded WebApplicationContext
2022-09-11 18:44:31.624 [main] INFO  org.springframework.web.context.ContextLoader - Root WebApplicationContext: initialization completed in 1964 ms
2022-09-11 18:44:31.830 [main] INFO  com.zaxxer.hikari.HikariDataSource - HikariPool-1 - Starting...
2022-09-11 18:44:32.445 [main] INFO  com.zaxxer.hikari.HikariDataSource - HikariPool-1 - Start completed.
2022-09-11 18:44:33.524 [main] INFO  s.d.s.w.PropertySourcedRequestMappingHandlerMapping - Mapped URL path [/v2/api-docs] onto method [springfox.documentation.swagger2.web.Swagger2Controller#getDocumentation(String, HttpServletRequest)]
2022-09-11 18:44:33.541 [main] INFO  com.netflix.config.sources.URLConfigurationSource - To enable URLs as dynamic configuration sources, define System property archaius.configurationSource.additionalUrls or make config.properties available on classpath.
2022-09-11 18:44:33.544 [main] INFO  com.netflix.config.sources.URLConfigurationSource - To enable URLs as dynamic configuration sources, define System property archaius.configurationSource.additionalUrls or make config.properties available on classpath.
2022-09-11 18:44:33.641 [main] INFO  o.s.scheduling.concurrent.ThreadPoolTaskExecutor - Initializing ExecutorService 'applicationTaskExecutor'
2022-09-11 18:44:34.229 [main] INFO  o.s.scheduling.concurrent.ThreadPoolTaskScheduler - Initializing ExecutorService
2022-09-11 18:44:35.135 [main] INFO  s.d.s.web.plugins.DocumentationPluginsBootstrapper - Context refreshed
2022-09-11 18:44:35.149 [main] INFO  s.d.s.web.plugins.DocumentationPluginsBootstrapper - Found 1 custom documentation plugin(s)
2022-09-11 18:44:35.203 [main] INFO  s.d.spring.web.scanners.ApiListingReferenceScanner - Scanning for api listing references
2022-09-11 18:44:35.327 [main] INFO  s.d.s.w.r.operation.CachingOperationNameGenerator - Generating unique operation named: getPageUsingPOST_1
2022-09-11 18:44:35.388 [main] INFO  org.apache.coyote.http11.Http11NioProtocol - Starting ProtocolHandler ["http-nio-8001"]
2022-09-11 18:44:35.406 [main] INFO  o.s.boot.web.embedded.tomcat.TomcatWebServer - Tomcat started on port(s): 8001 (http) with context path ''
2022-09-11 18:44:35.414 [main] INFO  o.s.c.alibaba.nacos.registry.NacosServiceRegistry - nacos registry, service-edu 10.7.128.159:8001 register finished
2022-09-11 18:44:35.704 [main] INFO  com.fosss.eduservice.EduApplication - Started EduApplication in 7.848 seconds (JVM running for 8.899)
2022-09-11 18:50:48.652 [http-nio-8001-exec-1] INFO  o.a.c.core.ContainerBase.[Tomcat].[localhost].[/] - Initializing Spring DispatcherServlet 'dispatcherServlet'
2022-09-11 18:50:48.653 [http-nio-8001-exec-1] INFO  org.springframework.web.servlet.DispatcherServlet - Initializing Servlet 'dispatcherServlet'
2022-09-11 18:50:48.658 [http-nio-8001-exec-1] INFO  org.springframework.web.servlet.DispatcherServlet - Completed initialization in 5 ms
2022-09-11 18:59:34.978 [SpringContextShutdownHook] INFO  o.s.c.alibaba.nacos.registry.NacosServiceRegistry - De-registering from Nacos Server now...
2022-09-11 18:59:34.980 [SpringContextShutdownHook] INFO  o.s.c.alibaba.nacos.registry.NacosServiceRegistry - De-registration finished.
2022-09-11 18:59:34.981 [SpringContextShutdownHook] INFO  o.s.scheduling.concurrent.ThreadPoolTaskExecutor - Shutting down ExecutorService 'applicationTaskExecutor'
2022-09-11 18:59:34.998 [SpringContextShutdownHook] INFO  com.zaxxer.hikari.HikariDataSource - HikariPool-1 - Shutdown initiated...
2022-09-11 18:59:35.003 [SpringContextShutdownHook] INFO  com.zaxxer.hikari.HikariDataSource - HikariPool-1 - Shutdown completed.
2022-09-11 18:59:39.747 [main] INFO  com.fosss.eduservice.EduApplication - The following profiles are active: dev
2022-09-11 18:59:40.322 [main] INFO  o.s.d.r.config.RepositoryConfigurationDelegate - Multiple Spring Data modules found, entering strict repository configuration mode!
2022-09-11 18:59:40.324 [main] INFO  o.s.d.r.config.RepositoryConfigurationDelegate - Bootstrapping Spring Data repositories in DEFAULT mode.
2022-09-11 18:59:40.345 [main] INFO  o.s.d.r.config.RepositoryConfigurationDelegate - Finished Spring Data repository scanning in 13ms. Found 0 repository interfaces.
2022-09-11 18:59:40.489 [main] INFO  o.springframework.cloud.context.scope.GenericScope - BeanFactory id=48149d50-c1f4-3252-9e85-cd3ade17eca9
2022-09-11 18:59:40.567 [main] INFO  o.s.c.s.PostProcessorRegistrationDelegate$BeanPostProcessorChecker - Bean 'org.springframework.transaction.annotation.ProxyTransactionManagementConfiguration' of type [org.springframework.transaction.annotation.ProxyTransactionManagementConfiguration] is not eligible for getting processed by all BeanPostProcessors (for example: not eligible for auto-proxying)
2022-09-11 18:59:40.592 [main] INFO  o.s.c.s.PostProcessorRegistrationDelegate$BeanPostProcessorChecker - Bean 'redisConfig' of type [com.fosss.servicebase.config.RedisConfig$$EnhancerBySpringCGLIB$$2e37dfe5] is not eligible for getting processed by all BeanPostProcessors (for example: not eligible for auto-proxying)
2022-09-11 18:59:40.613 [main] INFO  o.s.c.s.PostProcessorRegistrationDelegate$BeanPostProcessorChecker - Bean 'org.springframework.cloud.autoconfigure.ConfigurationPropertiesRebinderAutoConfiguration' of type [org.springframework.cloud.autoconfigure.ConfigurationPropertiesRebinderAutoConfiguration] is not eligible for getting processed by all BeanPostProcessors (for example: not eligible for auto-proxying)
2022-09-11 18:59:40.785 [main] INFO  o.s.boot.web.embedded.tomcat.TomcatWebServer - Tomcat initialized with port(s): 8001 (http)
2022-09-11 18:59:40.793 [main] INFO  org.apache.coyote.http11.Http11NioProtocol - Initializing ProtocolHandler ["http-nio-8001"]
2022-09-11 18:59:40.793 [main] INFO  org.apache.catalina.core.StandardService - Starting service [Tomcat]
2022-09-11 18:59:40.793 [main] INFO  org.apache.catalina.core.StandardEngine - Starting Servlet engine: [Apache Tomcat/9.0.27]
2022-09-11 18:59:40.960 [main] INFO  o.a.c.core.ContainerBase.[Tomcat].[localhost].[/] - Initializing Spring embedded WebApplicationContext
2022-09-11 18:59:40.960 [main] INFO  org.springframework.web.context.ContextLoader - Root WebApplicationContext: initialization completed in 1199 ms
2022-09-11 18:59:41.133 [main] INFO  com.zaxxer.hikari.HikariDataSource - HikariPool-1 - Starting...
2022-09-11 18:59:41.588 [main] INFO  com.zaxxer.hikari.HikariDataSource - HikariPool-1 - Start completed.
2022-09-11 18:59:42.376 [main] INFO  s.d.s.w.PropertySourcedRequestMappingHandlerMapping - Mapped URL path [/v2/api-docs] onto method [springfox.documentation.swagger2.web.Swagger2Controller#getDocumentation(String, HttpServletRequest)]
2022-09-11 18:59:42.389 [main] INFO  com.netflix.config.sources.URLConfigurationSource - To enable URLs as dynamic configuration sources, define System property archaius.configurationSource.additionalUrls or make config.properties available on classpath.
2022-09-11 18:59:42.392 [main] INFO  com.netflix.config.sources.URLConfigurationSource - To enable URLs as dynamic configuration sources, define System property archaius.configurationSource.additionalUrls or make config.properties available on classpath.
2022-09-11 18:59:42.471 [main] INFO  o.s.scheduling.concurrent.ThreadPoolTaskExecutor - Initializing ExecutorService 'applicationTaskExecutor'
2022-09-11 18:59:42.966 [main] INFO  o.s.scheduling.concurrent.ThreadPoolTaskScheduler - Initializing ExecutorService
2022-09-11 18:59:43.588 [main] INFO  s.d.s.web.plugins.DocumentationPluginsBootstrapper - Context refreshed
2022-09-11 18:59:43.602 [main] INFO  s.d.s.web.plugins.DocumentationPluginsBootstrapper - Found 1 custom documentation plugin(s)
2022-09-11 18:59:43.652 [main] INFO  s.d.spring.web.scanners.ApiListingReferenceScanner - Scanning for api listing references
2022-09-11 18:59:43.772 [main] INFO  s.d.s.w.r.operation.CachingOperationNameGenerator - Generating unique operation named: getPageUsingPOST_1
2022-09-11 18:59:43.831 [main] INFO  org.apache.coyote.http11.Http11NioProtocol - Starting ProtocolHandler ["http-nio-8001"]
2022-09-11 18:59:43.848 [main] INFO  o.s.boot.web.embedded.tomcat.TomcatWebServer - Tomcat started on port(s): 8001 (http) with context path ''
2022-09-11 18:59:43.856 [main] INFO  o.s.c.alibaba.nacos.registry.NacosServiceRegistry - nacos registry, service-edu 10.7.128.159:8001 register finished
2022-09-11 18:59:44.125 [main] INFO  com.fosss.eduservice.EduApplication - Started EduApplication in 5.596 seconds (JVM running for 6.417)
2022-09-11 19:05:48.276 [http-nio-8001-exec-1] INFO  o.a.c.core.ContainerBase.[Tomcat].[localhost].[/] - Initializing Spring DispatcherServlet 'dispatcherServlet'
2022-09-11 19:05:48.276 [http-nio-8001-exec-1] INFO  org.springframework.web.servlet.DispatcherServlet - Initializing Servlet 'dispatcherServlet'
2022-09-11 19:05:48.281 [http-nio-8001-exec-1] INFO  org.springframework.web.servlet.DispatcherServlet - Completed initialization in 5 ms
2022-09-11 19:05:48.467 [http-nio-8001-exec-1] INFO  io.lettuce.core.EpollProvider - Starting without optional epoll library
2022-09-11 19:05:48.468 [http-nio-8001-exec-1] INFO  io.lettuce.core.KqueueProvider - Starting without optional kqueue library
2022-09-11 21:15:55.947 [lettuce-eventExecutorLoop-1-6] INFO  io.lettuce.core.protocol.ConnectionWatchdog - Reconnecting, last destination was /192.168.40.128:6379
2022-09-11 21:16:08.155 [lettuce-eventExecutorLoop-1-8] INFO  io.lettuce.core.protocol.ConnectionWatchdog - Reconnecting, last destination was 192.168.40.128:6379
2022-09-11 21:16:18.245 [lettuce-eventExecutorLoop-1-9] INFO  io.lettuce.core.protocol.ConnectionWatchdog - Reconnecting, last destination was 192.168.40.128:6379
2022-09-11 21:16:28.344 [lettuce-eventExecutorLoop-1-10] INFO  io.lettuce.core.protocol.ConnectionWatchdog - Reconnecting, last destination was 192.168.40.128:6379
2022-09-11 21:16:38.446 [lettuce-eventExecutorLoop-1-11] INFO  io.lettuce.core.protocol.ConnectionWatchdog - Reconnecting, last destination was 192.168.40.128:6379
2022-09-11 21:16:48.544 [lettuce-eventExecutorLoop-1-12] INFO  io.lettuce.core.protocol.ConnectionWatchdog - Reconnecting, last destination was 192.168.40.128:6379
2022-09-11 21:16:58.746 [lettuce-eventExecutorLoop-1-1] INFO  io.lettuce.core.protocol.ConnectionWatchdog - Reconnecting, last destination was 192.168.40.128:6379
2022-09-11 21:17:09.045 [lettuce-eventExecutorLoop-1-2] INFO  io.lettuce.core.protocol.ConnectionWatchdog - Reconnecting, last destination was 192.168.40.128:6379
2022-09-11 21:17:19.644 [lettuce-eventExecutorLoop-1-3] INFO  io.lettuce.core.protocol.ConnectionWatchdog - Reconnecting, last destination was 192.168.40.128:6379
2022-09-11 21:17:30.747 [lettuce-eventExecutorLoop-1-4] INFO  io.lettuce.core.protocol.ConnectionWatchdog - Reconnecting, last destination was 192.168.40.128:6379
2022-09-11 21:17:42.847 [lettuce-eventExecutorLoop-1-5] INFO  io.lettuce.core.protocol.ConnectionWatchdog - Reconnecting, last destination was 192.168.40.128:6379
2022-09-11 21:17:57.057 [lettuce-eventExecutorLoop-1-6] INFO  io.lettuce.core.protocol.ConnectionWatchdog - Reconnecting, last destination was 192.168.40.128:6379
2022-09-11 21:18:15.348 [lettuce-eventExecutorLoop-1-7] INFO  io.lettuce.core.protocol.ConnectionWatchdog - Reconnecting, last destination was 192.168.40.128:6379
2022-09-11 21:18:41.848 [lettuce-eventExecutorLoop-1-8] INFO  io.lettuce.core.protocol.ConnectionWatchdog - Reconnecting, last destination was 192.168.40.128:6379
2022-09-11 21:19:21.947 [lettuce-eventExecutorLoop-1-9] INFO  io.lettuce.core.protocol.ConnectionWatchdog - Reconnecting, last destination was 192.168.40.128:6379
2022-09-11 21:20:02.045 [lettuce-eventExecutorLoop-1-10] INFO  io.lettuce.core.protocol.ConnectionWatchdog - Reconnecting, last destination was 192.168.40.128:6379
2022-09-11 21:20:42.146 [lettuce-eventExecutorLoop-1-11] INFO  io.lettuce.core.protocol.ConnectionWatchdog - Reconnecting, last destination was 192.168.40.128:6379
2022-09-11 21:21:22.250 [lettuce-eventExecutorLoop-1-12] INFO  io.lettuce.core.protocol.ConnectionWatchdog - Reconnecting, last destination was 192.168.40.128:6379
2022-09-11 21:22:02.344 [lettuce-eventExecutorLoop-1-1] INFO  io.lettuce.core.protocol.ConnectionWatchdog - Reconnecting, last destination was 192.168.40.128:6379
2022-09-11 21:22:42.448 [lettuce-eventExecutorLoop-1-2] INFO  io.lettuce.core.protocol.ConnectionWatchdog - Reconnecting, last destination was 192.168.40.128:6379
2022-09-11 21:23:22.549 [lettuce-eventExecutorLoop-1-3] INFO  io.lettuce.core.protocol.ConnectionWatchdog - Reconnecting, last destination was 192.168.40.128:6379
2022-09-11 21:24:02.653 [lettuce-eventExecutorLoop-1-4] INFO  io.lettuce.core.protocol.ConnectionWatchdog - Reconnecting, last destination was 192.168.40.128:6379
2022-09-11 21:24:42.752 [lettuce-eventExecutorLoop-1-5] INFO  io.lettuce.core.protocol.ConnectionWatchdog - Reconnecting, last destination was 192.168.40.128:6379
2022-09-11 21:25:22.852 [lettuce-eventExecutorLoop-1-6] INFO  io.lettuce.core.protocol.ConnectionWatchdog - Reconnecting, last destination was 192.168.40.128:6379
2022-09-11 21:26:02.950 [lettuce-eventExecutorLoop-1-7] INFO  io.lettuce.core.protocol.ConnectionWatchdog - Reconnecting, last destination was 192.168.40.128:6379
2022-09-11 21:26:43.053 [lettuce-eventExecutorLoop-1-8] INFO  io.lettuce.core.protocol.ConnectionWatchdog - Reconnecting, last destination was 192.168.40.128:6379
2022-09-11 21:27:23.156 [lettuce-eventExecutorLoop-1-9] INFO  io.lettuce.core.protocol.ConnectionWatchdog - Reconnecting, last destination was 192.168.40.128:6379
2022-09-11 21:28:03.245 [lettuce-eventExecutorLoop-1-10] INFO  io.lettuce.core.protocol.ConnectionWatchdog - Reconnecting, last destination was 192.168.40.128:6379
2022-09-11 21:28:43.345 [lettuce-eventExecutorLoop-1-11] INFO  io.lettuce.core.protocol.ConnectionWatchdog - Reconnecting, last destination was 192.168.40.128:6379
2022-09-11 21:29:23.445 [lettuce-eventExecutorLoop-1-12] INFO  io.lettuce.core.protocol.ConnectionWatchdog - Reconnecting, last destination was 192.168.40.128:6379
2022-09-11 21:30:03.545 [lettuce-eventExecutorLoop-1-1] INFO  io.lettuce.core.protocol.ConnectionWatchdog - Reconnecting, last destination was 192.168.40.128:6379
2022-09-11 21:30:43.648 [lettuce-eventExecutorLoop-1-2] INFO  io.lettuce.core.protocol.ConnectionWatchdog - Reconnecting, last destination was 192.168.40.128:6379
2022-09-11 21:31:23.747 [lettuce-eventExecutorLoop-1-3] INFO  io.lettuce.core.protocol.ConnectionWatchdog - Reconnecting, last destination was 192.168.40.128:6379
2022-09-11 21:32:03.855 [lettuce-eventExecutorLoop-1-4] INFO  io.lettuce.core.protocol.ConnectionWatchdog - Reconnecting, last destination was 192.168.40.128:6379
2022-09-11 21:32:43.952 [lettuce-eventExecutorLoop-1-5] INFO  io.lettuce.core.protocol.ConnectionWatchdog - Reconnecting, last destination was 192.168.40.128:6379
2022-09-11 21:33:24.050 [lettuce-eventExecutorLoop-1-6] INFO  io.lettuce.core.protocol.ConnectionWatchdog - Reconnecting, last destination was 192.168.40.128:6379
2022-09-11 21:34:04.155 [lettuce-eventExecutorLoop-1-7] INFO  io.lettuce.core.protocol.ConnectionWatchdog - Reconnecting, last destination was 192.168.40.128:6379
2022-09-11 21:34:44.246 [lettuce-eventExecutorLoop-1-8] INFO  io.lettuce.core.protocol.ConnectionWatchdog - Reconnecting, last destination was 192.168.40.128:6379
2022-09-11 21:35:24.348 [lettuce-eventExecutorLoop-1-9] INFO  io.lettuce.core.protocol.ConnectionWatchdog - Reconnecting, last destination was 192.168.40.128:6379
2022-09-11 21:36:04.448 [lettuce-eventExecutorLoop-1-10] INFO  io.lettuce.core.protocol.ConnectionWatchdog - Reconnecting, last destination was 192.168.40.128:6379
2022-09-11 21:36:44.544 [lettuce-eventExecutorLoop-1-11] INFO  io.lettuce.core.protocol.ConnectionWatchdog - Reconnecting, last destination was 192.168.40.128:6379
2022-09-11 21:37:24.654 [lettuce-eventExecutorLoop-1-12] INFO  io.lettuce.core.protocol.ConnectionWatchdog - Reconnecting, last destination was 192.168.40.128:6379
2022-09-11 21:38:04.745 [lettuce-eventExecutorLoop-1-1] INFO  io.lettuce.core.protocol.ConnectionWatchdog - Reconnecting, last destination was 192.168.40.128:6379
2022-09-11 21:38:44.845 [lettuce-eventExecutorLoop-1-2] INFO  io.lettuce.core.protocol.ConnectionWatchdog - Reconnecting, last destination was 192.168.40.128:6379
2022-09-11 21:39:24.944 [lettuce-eventExecutorLoop-1-3] INFO  io.lettuce.core.protocol.ConnectionWatchdog - Reconnecting, last destination was 192.168.40.128:6379
2022-09-11 21:39:49.812 [SpringContextShutdownHook] INFO  o.s.c.alibaba.nacos.registry.NacosServiceRegistry - De-registering from Nacos Server now...
2022-09-11 21:39:51.862 [SpringContextShutdownHook] INFO  o.s.c.alibaba.nacos.registry.NacosServiceRegistry - De-registration finished.
2022-09-11 21:39:51.864 [SpringContextShutdownHook] INFO  o.s.scheduling.concurrent.ThreadPoolTaskExecutor - Shutting down ExecutorService 'applicationTaskExecutor'
